e:\mu\postgraduate0\software\rtklib_vs\rtklib\rtklib242\debug\vc140.pdb
e:\mu\postgraduate0\software\rtklib_vs\rtklib\rtklib242\debug\vc140.idb
e:\mu\postgraduate0\software\rtklib_vs\rtklib\rtklib242\debug\rinex.obj
e:\mu\postgraduate0\software\rtklib_vs\rtklib\rtklib242\debug\main242.obj
e:\mu\postgraduate0\software\rtklib_vs\rtklib\rtklib242\debug\rtcm.obj
e:\mu\postgraduate0\software\rtklib_vs\rtklib\rtklib242\debug\rtcm2.obj
e:\mu\postgraduate0\software\rtklib_vs\rtklib\rtklib242\debug\rtcm3.obj
e:\mu\postgraduate0\software\rtklib_vs\rtklib\rtklib242\debug\rtcm3e.obj
e:\mu\postgraduate0\software\rtklib_vs\rtklib\rtklib242\debug\rtkcmn.obj
e:\mu\postgraduate0\software\rtklib_vs\rtklib\rtklib242\debug\rtkpos.obj
e:\mu\postgraduate0\software\rtklib_vs\rtklib\rtklib242\debug\rtksvr.obj
e:\mu\postgraduate0\software\rtklib_vs\rtklib\rtklib242\debug\sbas.obj
e:\mu\postgraduate0\software\rtklib_vs\rtklib\rtklib242\debug\solution.obj
e:\mu\postgraduate0\software\rtklib_vs\rtklib\rtklib242\debug\stream.obj
e:\mu\postgraduate0\software\rtklib_vs\rtklib\rtklib242\debug\streamsvr.obj
e:\mu\postgraduate0\software\rtklib_vs\rtklib\rtklib242\debug\tle.obj
e:\mu\postgraduate0\software\rtklib_vs\rtklib\rtklib242\debug\datum.obj
e:\mu\postgraduate0\software\rtklib_vs\rtklib\rtklib242\debug\download.obj
e:\mu\postgraduate0\software\rtklib_vs\rtklib\rtklib242\debug\geoid.obj
e:\mu\postgraduate0\software\rtklib_vs\rtklib\rtklib242\debug\ionex.obj
e:\mu\postgraduate0\software\rtklib_vs\rtklib\rtklib242\debug\lambda.obj
e:\mu\postgraduate0\software\rtklib_vs\rtklib\rtklib242\debug\options.obj
e:\mu\postgraduate0\software\rtklib_vs\rtklib\rtklib242\debug\pntpos.obj
e:\mu\postgraduate0\software\rtklib_vs\rtklib\rtklib242\debug\postpos.obj
e:\mu\postgraduate0\software\rtklib_vs\rtklib\rtklib242\debug\ppp.obj
e:\mu\postgraduate0\software\rtklib_vs\rtklib\rtklib242\debug\ppp_ar.obj
e:\mu\postgraduate0\software\rtklib_vs\rtklib\rtklib242\debug\preceph.obj
e:\mu\postgraduate0\software\rtklib_vs\rtklib\rtklib242\debug\qzslex.obj
e:\mu\postgraduate0\software\rtklib_vs\rtklib\rtklib242\debug\rcvraw.obj
e:\mu\postgraduate0\software\rtklib_vs\rtklib\rtklib242\debug\convkml.obj
e:\mu\postgraduate0\software\rtklib_vs\rtklib\rtklib242\debug\convrnx.obj
e:\mu\postgraduate0\software\rtklib_vs\rtklib\rtklib242\debug\binex.obj
e:\mu\postgraduate0\software\rtklib_vs\rtklib\rtklib242\debug\crescent.obj
e:\mu\postgraduate0\software\rtklib_vs\rtklib\rtklib242\debug\gw10.obj
e:\mu\postgraduate0\software\rtklib_vs\rtklib\rtklib242\debug\javad.obj
e:\mu\postgraduate0\software\rtklib_vs\rtklib\rtklib242\debug\novatel.obj
e:\mu\postgraduate0\software\rtklib_vs\rtklib\rtklib242\debug\nvs.obj
e:\mu\postgraduate0\software\rtklib_vs\rtklib\rtklib242\debug\rcvlex.obj
e:\mu\postgraduate0\software\rtklib_vs\rtklib\rtklib242\debug\rt17.obj
e:\mu\postgraduate0\software\rtklib_vs\rtklib\rtklib242\debug\skytraq.obj
e:\mu\postgraduate0\software\rtklib_vs\rtklib\rtklib242\debug\ss2.obj
e:\mu\postgraduate0\software\rtklib_vs\rtklib\rtklib242\debug\ublox.obj
e:\mu\postgraduate0\software\rtklib_vs\rtklib\rtklib242\debug\rtklib242.tlog\cl.command.1.tlog
e:\mu\postgraduate0\software\rtklib_vs\rtklib\rtklib242\debug\rtklib242.tlog\cl.read.1.tlog
e:\mu\postgraduate0\software\rtklib_vs\rtklib\rtklib242\debug\rtklib242.tlog\cl.write.1.tlog
