e:\e_book\gnss\gnss_ppp\测绘2002-20202698-林芬芬\作业三\code\ppp_rtklib\debug\vc140.pdb
e:\e_book\gnss\gnss_ppp\测绘2002-20202698-林芬芬\作业三\code\ppp_rtklib\debug\vc140.idb
e:\e_book\gnss\gnss_ppp\测绘2002-20202698-林芬芬\作业三\code\ppp_rtklib\debug\error_model.obj
e:\e_book\gnss\gnss_ppp\测绘2002-20202698-林芬芬\作业三\code\ppp_rtklib\debug\freedata.obj
e:\e_book\gnss\gnss_ppp\测绘2002-20202698-林芬芬\作业三\code\ppp_rtklib\debug\geoidh.obj
e:\e_book\gnss\gnss_ppp\测绘2002-20202698-林芬芬\作业三\code\ppp_rtklib\debug\input_output.obj
e:\e_book\gnss\gnss_ppp\测绘2002-20202698-林芬芬\作业三\code\ppp_rtklib\debug\matrix.obj
e:\e_book\gnss\gnss_ppp\测绘2002-20202698-林芬芬\作业三\code\ppp_rtklib\debug\pntpos.obj
e:\e_book\gnss\gnss_ppp\测绘2002-20202698-林芬芬\作业三\code\ppp_rtklib\debug\ppp.obj
e:\e_book\gnss\gnss_ppp\测绘2002-20202698-林芬芬\作业三\code\ppp_rtklib\debug\ppp_main.obj
e:\e_book\gnss\gnss_ppp\测绘2002-20202698-林芬芬\作业三\code\ppp_rtklib\debug\ppp_process.obj
e:\e_book\gnss\gnss_ppp\测绘2002-20202698-林芬芬\作业三\code\ppp_rtklib\debug\preceph.obj
e:\e_book\gnss\gnss_ppp\测绘2002-20202698-林芬芬\作业三\code\ppp_rtklib\debug\rinex.obj
e:\e_book\gnss\gnss_ppp\测绘2002-20202698-林芬芬\作业三\code\ppp_rtklib\debug\rtkpos.obj
e:\e_book\gnss\gnss_ppp\测绘2002-20202698-林芬芬\作业三\code\ppp_rtklib\debug\r_atx.obj
e:\e_book\gnss\gnss_ppp\测绘2002-20202698-林芬芬\作业三\code\ppp_rtklib\debug\r_sp3.obj
e:\e_book\gnss\gnss_ppp\测绘2002-20202698-林芬芬\作业三\code\ppp_rtklib\debug\satsysno.obj
e:\e_book\gnss\gnss_ppp\测绘2002-20202698-林芬芬\作业三\code\ppp_rtklib\debug\setpcv.obj
e:\e_book\gnss\gnss_ppp\测绘2002-20202698-林芬芬\作业三\code\ppp_rtklib\debug\solution.obj
e:\e_book\gnss\gnss_ppp\测绘2002-20202698-林芬芬\作业三\code\ppp_rtklib\debug\time_string.obj
e:\e_book\gnss\gnss_ppp\测绘2002-20202698-林芬芬\作业三\code\ppp_rtklib\debug\trace.obj
e:\e_book\gnss\gnss_ppp\测绘2002-20202698-林芬芬\作业三\code\ppp_rtklib\debug\uncompress.obj
e:\e_book\gnss\gnss_ppp\测绘2002-20202698-林芬芬\作业三\code\ppp_rtklib\debug\clutter.obj
e:\e_book\gnss\gnss_ppp\测绘2002-20202698-林芬芬\作业三\code\ppp_rtklib\debug\coordinate.obj
e:\e_book\gnss\gnss_ppp\测绘2002-20202698-林芬芬\作业三\code\ppp_rtklib\debug\ephemeris.obj
e:\mu\github_upload\positioning_study\ppp_rtklib\code\ppp_rtklib\debug\vc140.pdb
e:\mu\github_upload\positioning_study\ppp_rtklib\code\ppp_rtklib\debug\vc140.idb
e:\mu\github_upload\positioning_study\ppp_rtklib\code\ppp_rtklib\debug\error_model.obj
e:\mu\github_upload\positioning_study\ppp_rtklib\code\ppp_rtklib\debug\freedata.obj
e:\mu\github_upload\positioning_study\ppp_rtklib\code\ppp_rtklib\debug\geoidh.obj
e:\mu\github_upload\positioning_study\ppp_rtklib\code\ppp_rtklib\debug\input_output.obj
e:\mu\github_upload\positioning_study\ppp_rtklib\code\ppp_rtklib\debug\matrix.obj
e:\mu\github_upload\positioning_study\ppp_rtklib\code\ppp_rtklib\debug\pntpos.obj
e:\mu\github_upload\positioning_study\ppp_rtklib\code\ppp_rtklib\debug\ppp.obj
e:\mu\github_upload\positioning_study\ppp_rtklib\code\ppp_rtklib\debug\ppp_main.obj
e:\mu\github_upload\positioning_study\ppp_rtklib\code\ppp_rtklib\debug\ppp_process.obj
e:\mu\github_upload\positioning_study\ppp_rtklib\code\ppp_rtklib\debug\preceph.obj
e:\mu\github_upload\positioning_study\ppp_rtklib\code\ppp_rtklib\debug\rinex.obj
e:\mu\github_upload\positioning_study\ppp_rtklib\code\ppp_rtklib\debug\rtkpos.obj
e:\mu\github_upload\positioning_study\ppp_rtklib\code\ppp_rtklib\debug\r_atx.obj
e:\mu\github_upload\positioning_study\ppp_rtklib\code\ppp_rtklib\debug\r_sp3.obj
e:\mu\github_upload\positioning_study\ppp_rtklib\code\ppp_rtklib\debug\satsysno.obj
e:\mu\github_upload\positioning_study\ppp_rtklib\code\ppp_rtklib\debug\setpcv.obj
e:\mu\github_upload\positioning_study\ppp_rtklib\code\ppp_rtklib\debug\solution.obj
e:\mu\github_upload\positioning_study\ppp_rtklib\code\ppp_rtklib\debug\time_string.obj
e:\mu\github_upload\positioning_study\ppp_rtklib\code\ppp_rtklib\debug\trace.obj
e:\mu\github_upload\positioning_study\ppp_rtklib\code\ppp_rtklib\debug\uncompress.obj
e:\mu\github_upload\positioning_study\ppp_rtklib\code\ppp_rtklib\debug\clutter.obj
e:\mu\github_upload\positioning_study\ppp_rtklib\code\ppp_rtklib\debug\coordinate.obj
e:\mu\github_upload\positioning_study\ppp_rtklib\code\ppp_rtklib\debug\ephemeris.obj
e:\e_book\gnss\gnss_ppp\测绘2002-20202698-林芬芬\作业三\code\ppp_rtklib\debug\rtklib_242.ilk
e:\e_book\gnss\gnss_ppp\测绘2002-20202698-林芬芬\作业三\code\ppp_rtklib\debug\rtklib_242.exe
e:\e_book\gnss\gnss_ppp\测绘2002-20202698-林芬芬\作业三\code\ppp_rtklib\debug\rtklib_242.pdb
e:\mu\github_upload\positioning_study\ppp_rtklib\code\ppp_rtklib\debug\rtklib_242.ilk
e:\mu\github_upload\positioning_study\ppp_rtklib\code\ppp_rtklib\debug\rtklib_242.exe
e:\mu\github_upload\positioning_study\ppp_rtklib\code\ppp_rtklib\debug\rtklib_242.pdb
e:\mu\github_upload\positioning_study\ppp_rtklib\code\ppp_rtklib\debug\rtklib_242.tlog\cl.command.1.tlog
e:\mu\github_upload\positioning_study\ppp_rtklib\code\ppp_rtklib\debug\rtklib_242.tlog\cl.read.1.tlog
e:\mu\github_upload\positioning_study\ppp_rtklib\code\ppp_rtklib\debug\rtklib_242.tlog\cl.write.1.tlog
e:\mu\github_upload\positioning_study\ppp_rtklib\code\ppp_rtklib\debug\rtklib_242.tlog\link.command.1.tlog
e:\mu\github_upload\positioning_study\ppp_rtklib\code\ppp_rtklib\debug\rtklib_242.tlog\link.read.1.tlog
e:\mu\github_upload\positioning_study\ppp_rtklib\code\ppp_rtklib\debug\rtklib_242.tlog\link.write.1.tlog
